2022-11-11 10:38:13,360 INFO raft peers changed: [Member{ip='192.168.0.238', port=8848, state=UP, extendInfo={raftPort=7848}}]

2022-11-11 10:38:13,379 INFO initializing Raft sub-system

2022-11-11 10:38:13,380 INFO finish loading all datums, size: 0 cost 1 ms.

2022-11-11 10:38:13,383 INFO cache loaded, datum count: 0, current term: 0

2022-11-11 10:38:13,383 INFO finish to load data from disk, cost: 4 ms.

2022-11-11 10:38:13,385 INFO timer started: leader timeout ms: 15000, heart-beat timeout ms: 5000

2022-11-11 10:38:13,814 INFO add listener: com.alibaba.nacos.naming.domains.meta.00-00---000-NACOS_SWITCH_DOMAIN-000---00-00

2022-11-11 10:38:13,826 INFO add listener: com.alibaba.nacos.naming.domains.meta.

2022-11-11 10:38:18,357 WARN start to close old raft protocol!!!

2022-11-11 10:38:18,357 WARN stop old raft protocol task for notifier

2022-11-11 10:38:18,357 WARN stop old raft protocol task for master task

2022-11-11 10:38:18,357 WARN stop old raft protocol task for heartbeat task

2022-11-11 10:38:18,357 WARN clean old cache datum for old raft

2022-11-11 10:38:18,357 WARN start to close old raft protocol!!!

2022-11-11 10:38:18,357 WARN stop old raft protocol task for notifier

2022-11-11 10:38:18,357 WARN stop old raft protocol task for master task

2022-11-11 10:38:18,357 WARN stop old raft protocol task for heartbeat task

2022-11-11 10:38:18,357 WARN clean old cache datum for old raft

2022-11-11 10:38:18,357 WARN start to move old raft protocol metadata

2022-11-11 10:38:18,359 WARN start to move old raft protocol metadata

2022-11-11 10:38:18,359 INFO raft peers changed: [Member{ip='192.168.0.238', port=8848, state=UP, extendInfo={lastRefreshTime=1668134298359, raftPort=7848, version=1.4.1}}]

